2024-08-26 01:26:15 - Function 'main' called.
2024-08-26 01:26:15 - Function 'print_main_menu' called.
2024-08-26 01:26:23 - Function 'print_main_menu' called.
2024-08-26 01:26:25 - Function 'print_main_menu' called.
2024-08-26 01:26:26 - Function 'print_main_menu' called.
2024-08-26 01:26:29 - Function 'show_basic_statistics' called.
2024-08-26 01:26:29 - Function 'print_main_menu' called.
2024-08-26 01:26:31 - Function 'print_analysis_menu' called.
2024-08-26 01:26:34 - Function 'handle_analysis_choice' called.
2024-08-26 01:26:34 - Function 'print_analysis_menu' called.
2024-08-26 01:26:37 - Function 'handle_analysis_choice' called.
2024-08-26 01:26:37 - Function 'print_analysis_menu' called.
2024-08-26 01:26:41 - Function 'handle_analysis_choice' called.
2024-08-26 01:26:45 - Function 'print_analysis_menu' called.
2024-08-26 01:26:56 - Function 'handle_analysis_choice' called.
2024-08-26 01:27:01 - Function 'print_analysis_menu' called.
2024-08-26 01:27:06 - Function 'handle_analysis_choice' called.
2024-08-26 01:27:15 - Function 'print_analysis_menu' called.
2024-08-26 01:27:22 - Function 'handle_analysis_choice' called.
2024-08-26 01:27:24 - Function 'print_analysis_menu' called.
2024-08-26 01:27:29 - Function 'handle_analysis_choice' called.
2024-08-26 01:28:18 - Function 'main' called.
2024-08-26 01:28:18 - Function 'print_main_menu' called.
2024-08-26 01:28:21 - Function 'print_analysis_menu' called.
2024-08-26 01:28:24 - Function 'handle_analysis_choice' called.
2024-08-26 01:28:32 - Function 'print_analysis_menu' called.
2024-08-26 01:28:34 - Function 'handle_analysis_choice' called.
2024-08-26 01:28:42 - Function 'print_analysis_menu' called.
2024-08-26 01:28:46 - Function 'handle_analysis_choice' called.
2024-08-26 01:29:34 - Function 'main' called.
2024-08-26 01:29:34 - Function 'print_main_menu' called.
2024-08-26 01:29:36 - Function 'print_analysis_menu' called.
2024-08-26 01:29:42 - Function 'handle_analysis_choice' called.
2024-08-26 01:29:44 - Function 'print_analysis_menu' called.
2024-08-26 01:29:47 - Function 'handle_analysis_choice' called.
2024-08-26 01:29:50 - Function 'print_analysis_menu' called.
2024-08-26 01:30:15 - Function 'handle_analysis_choice' called.
2024-08-26 01:30:18 - Function 'print_analysis_menu' called.
2024-08-26 01:30:23 - Function 'handle_analysis_choice' called.
2024-08-26 01:30:25 - Function 'print_analysis_menu' called.
2024-08-26 01:30:31 - Function 'handle_analysis_choice' called.
2024-08-26 01:30:33 - Function 'print_analysis_menu' called.
2024-08-26 01:30:40 - Function 'handle_analysis_choice' called.
2024-08-26 01:30:44 - Function 'print_analysis_menu' called.
2024-08-26 01:30:49 - Function 'handle_analysis_choice' called.
2024-08-26 01:31:54 - Function 'main' called.
2024-08-26 01:31:54 - Function 'print_main_menu' called.
2024-08-26 01:31:55 - Function 'print_analysis_menu' called.
2024-08-26 01:31:58 - Function 'handle_analysis_choice' called.
2024-08-26 01:33:47 - Function 'main' called.
2024-08-26 01:33:47 - Function 'print_main_menu' called.
2024-08-26 01:33:49 - Function 'print_analysis_menu' called.
2024-08-26 01:33:51 - Function 'handle_analysis_choice' called.
2024-08-26 01:34:03 - Function 'print_analysis_menu' called.
2024-08-26 01:34:23 - Function 'handle_analysis_choice' called.
2024-08-26 01:38:22 - Function 'main' called.
2024-08-26 01:38:22 - Function 'print_main_menu' called.
2024-08-26 01:38:24 - Function 'print_analysis_menu' called.
2024-08-26 01:38:27 - Function 'handle_analysis_choice' called.
2024-08-26 01:39:38 - Function 'main' called.
2024-08-26 01:39:38 - Function 'print_main_menu' called.
2024-08-26 01:39:39 - Function 'print_main_menu' called.
2024-08-26 01:39:40 - Function 'print_analysis_menu' called.
2024-08-26 01:39:41 - Function 'handle_analysis_choice' called.
2024-08-26 01:40:40 - Function 'print_analysis_menu' called.
2024-08-26 01:40:42 - Function 'print_main_menu' called.
2024-08-26 01:40:59 - Function 'main' called.
2024-08-26 01:40:59 - Function 'print_main_menu' called.
2024-08-26 01:41:01 - Function 'print_analysis_menu' called.
2024-08-26 01:41:02 - Function 'handle_analysis_choice' called.
2024-08-26 01:41:42 - Function 'main' called.
2024-08-26 01:41:42 - Function 'print_main_menu' called.
2024-08-26 01:41:44 - Function 'print_analysis_menu' called.
2024-08-26 01:41:46 - Function 'handle_analysis_choice' called.
2024-08-26 01:41:57 - Function 'print_analysis_menu' called.
2024-08-26 01:41:59 - Function 'handle_analysis_choice' called.
2024-08-26 01:42:09 - Function 'print_analysis_menu' called.
2024-08-26 01:42:14 - Function 'handle_analysis_choice' called.
2024-08-26 01:42:14 - Function 'print_analysis_menu' called.
2024-08-26 01:42:28 - Function 'print_main_menu' called.
2024-08-26 01:42:29 - Function 'print_visualization_menu' called.
2024-08-26 01:42:33 - Function 'handle_visualization_choice' called.
2024-08-26 01:42:36 - Function 'print_visualization_menu' called.
2024-08-26 01:42:37 - Function 'handle_visualization_choice' called.
2024-08-26 01:42:39 - Function 'print_visualization_menu' called.
2024-08-26 01:42:40 - Function 'handle_visualization_choice' called.
2024-08-26 01:42:51 - Function 'print_visualization_menu' called.
2024-08-26 01:42:53 - Function 'handle_visualization_choice' called.
2024-08-26 01:42:54 - Function 'print_visualization_menu' called.
2024-08-26 01:42:56 - Function 'handle_visualization_choice' called.
2024-08-26 01:42:59 - Function 'print_visualization_menu' called.
2024-08-26 01:43:00 - Function 'handle_visualization_choice' called.
2024-08-26 01:43:03 - Function 'print_visualization_menu' called.
2024-08-26 01:43:04 - Function 'handle_visualization_choice' called.
2024-08-26 01:43:32 - Function 'main' called.
2024-08-26 01:43:32 - Function 'print_main_menu' called.
2024-08-26 01:43:34 - Function 'print_visualization_menu' called.
2024-08-26 01:43:38 - Function 'handle_visualization_choice' called.
2024-08-26 01:43:41 - Function 'print_visualization_menu' called.
2024-08-26 01:43:44 - Function 'handle_visualization_choice' called.
2024-08-26 01:43:46 - Function 'print_visualization_menu' called.
2024-08-26 01:43:47 - Function 'handle_visualization_choice' called.
2024-08-26 01:43:53 - Function 'print_visualization_menu' called.
2024-08-26 01:43:55 - Function 'handle_visualization_choice' called.
2024-08-26 01:43:59 - Function 'print_visualization_menu' called.
2024-08-26 01:44:00 - Function 'handle_visualization_choice' called.
2024-08-26 01:44:06 - Function 'print_visualization_menu' called.
2024-08-26 01:44:07 - Function 'handle_visualization_choice' called.
2024-08-26 01:44:11 - Function 'print_visualization_menu' called.
2024-08-26 01:44:13 - Function 'handle_visualization_choice' called.
2024-08-26 01:44:16 - Function 'print_visualization_menu' called.
2024-08-26 01:44:18 - Function 'print_main_menu' called.
2024-08-26 11:41:46 - Function 'main' called.
2024-08-26 11:41:46 - Function 'print_main_menu' called.
2024-08-26 11:41:51 - Function 'print_analysis_menu' called.
2024-08-26 11:41:54 - Function 'print_main_menu' called.
2024-08-26 11:41:57 - Function 'print_visualization_menu' called.
2024-08-26 11:41:58 - Function 'handle_visualization_choice' called.
2024-08-26 11:42:01 - Function 'print_visualization_menu' called.
2024-08-26 11:42:03 - Function 'handle_visualization_choice' called.
2024-08-26 11:42:05 - Function 'print_visualization_menu' called.
2024-08-26 11:42:06 - Function 'handle_visualization_choice' called.
2024-08-26 11:42:18 - Function 'print_visualization_menu' called.
2024-08-26 11:42:19 - Function 'print_main_menu' called.
2024-08-26 11:42:21 - Function 'print_analysis_menu' called.
2024-08-26 11:42:25 - Function 'handle_analysis_choice' called.
2024-08-26 11:42:33 - Function 'print_analysis_menu' called.
2024-08-26 11:49:00 - Function 'print_main_menu' called.
2024-08-26 11:49:19 - Function 'main' called.
2024-08-26 11:49:19 - Function 'print_main_menu' called.
2024-08-26 11:49:20 - Function 'print_visualization_menu' called.
2024-08-26 11:49:22 - Function 'handle_visualization_choice' called.
2024-08-26 11:51:12 - Function 'main' called.
2024-08-26 11:51:12 - Function 'print_main_menu' called.
2024-08-26 11:51:14 - Function 'print_visualization_menu' called.
2024-08-26 11:51:15 - Function 'handle_visualization_choice' called.
2024-08-26 11:51:19 - Function 'print_visualization_menu' called.
2024-08-26 11:52:51 - Function 'print_main_menu' called.
2024-08-26 11:53:08 - Function 'main' called.
2024-08-26 11:53:08 - Function 'print_main_menu' called.
2024-08-26 11:53:11 - Function 'print_visualization_menu' called.
2024-08-26 11:53:12 - Function 'handle_visualization_choice' called.
2024-08-26 11:53:25 - Function 'print_visualization_menu' called.
2024-08-26 11:53:28 - Function 'handle_visualization_choice' called.
2024-08-26 11:53:38 - Function 'print_visualization_menu' called.
2024-08-26 11:53:41 - Function 'handle_visualization_choice' called.
2024-08-26 11:54:02 - Function 'print_visualization_menu' called.
2024-08-26 11:54:03 - Function 'print_main_menu' called.
2024-08-26 11:56:55 - Function 'main' called.
2024-08-26 11:56:55 - Function 'print_main_menu' called.
2024-08-26 11:56:57 - Function 'print_visualization_menu' called.
2024-08-26 11:56:58 - Function 'handle_visualization_choice' called.
2024-08-26 11:57:05 - Function 'print_visualization_menu' called.
2024-08-26 11:57:06 - Function 'handle_visualization_choice' called.
2024-08-26 11:57:10 - Function 'print_visualization_menu' called.
2024-08-26 11:57:11 - Function 'handle_visualization_choice' called.
2024-08-26 11:57:25 - Function 'print_visualization_menu' called.
2024-08-26 11:57:29 - Function 'handle_visualization_choice' called.
2024-08-26 11:57:33 - Function 'print_visualization_menu' called.
2024-08-26 11:57:36 - Function 'print_main_menu' called.
2024-08-26 11:57:57 - Function 'print_analysis_menu' called.
2024-08-26 11:58:00 - Function 'handle_analysis_choice' called.
2024-08-26 11:58:00 - Function 'print_analysis_menu' called.
2024-08-26 11:59:02 - Function 'print_main_menu' called.
2024-08-26 11:59:16 - Function 'main' called.
2024-08-26 11:59:16 - Function 'print_main_menu' called.
2024-08-26 11:59:19 - Function 'print_analysis_menu' called.
2024-08-26 11:59:25 - Function 'handle_analysis_choice' called.
2024-08-26 11:59:29 - Function 'print_analysis_menu' called.
2024-08-26 12:00:00 - Function 'print_main_menu' called.
2024-08-26 12:02:35 - Function 'main' called.
2024-08-26 12:02:35 - Function 'print_main_menu' called.
2024-08-26 12:02:38 - Function 'print_analysis_menu' called.
2024-08-26 12:02:39 - Function 'handle_analysis_choice' called.
2024-08-26 12:02:41 - Function 'print_analysis_menu' called.
2024-08-26 12:02:58 - Function 'print_main_menu' called.
